app/build/outputs/mapping/release/seeds.txt
android.support.v4.widget.SlidingPaneLayout$SavedState: android.os.Parcelable$Creator CREATOR
android.support.v4.widget.Space
android.support.v4.widget.Space: Space(android.content.Context,android.util.AttributeSet,int)
android.support.v4.widget.Space: Space(android.content.Context,android.util.AttributeSet)
android.support.v4.widget.Space: Space(android.content.Context)
android.support.v4.widget.SwipeRefreshLayout: void setEnabled(boolean)
android.support.v4.widget.SwipeRefreshLayout: void setColorViewAlpha(int)
android.support.v4.widget.SwipeRefreshLayout: void setSize(int)
android.support.v4.widget.SwipeRefreshLayout: void setOnRefreshListener(android.support.v4.widget.SwipeRefreshLayout$OnRefreshListener)
android.support.v4.widget.SwipeRefreshLayout: void setRefreshing(boolean)
android.support.v4.widget.SwipeRefreshLayout: void setAnimationProgress(float)
android.support.v4.widget.SwipeRefreshLayout: void setProgressBackgroundColor(int)
android.support.v4.widget.SwipeRefreshLayout: void setProgressBackgroundColorSchemeResource(int)
android.support.v4.widget.SwipeRefreshLayout: void setProgressBackgroundColorSchemeColor(int)
android.support.v4.widget.SwipeRefreshLayout: void setColorScheme(int[])
android.support.v4.widget.SwipeRefreshLayout: void setColorSchemeResources(int[])
android.support.v4.widget.SwipeRefreshLayout: void setColorSchemeColors(int[])
android.support.v4.widget.SwipeRefreshLayout: void setDistanceToTriggerSync(int)
android.support.v4.widget.SwipeRefreshLayout: int getProgressCircleDiameter()
android.support.v4.widget.SwipeRefreshLayout: void setOnChildScrollUpCallback(android.support.v4.widget.SwipeRefreshLayout$OnChildScrollUpCallback)
android.support.v4.widget.SwipeRefreshLayout: int getNestedScrollAxes()
android.support.v4.widget.SwipeRefreshLayout: void setNestedScrollingEnabled(boolean)
android.support.v7.app.ActionBarDrawerToggle$1: void onClick(android.view.View)
android.support.v7.app.AlertController$1: void onClick(android.view.View)
android.support.v7.app.AppCompatActivity: AppCompatActivity()
android.support.v7.app.AppCompatActivity: void setContentView(android.view.View)
android.support.v7.app.AppCompatDelegateImplV9$PanelFeatureState$SavedState: android.os.Parcelable$Creator CREATOR
android.support.v7.app.AppCompatViewInflater$DeclaredOnClickListener: void onClick(android.view.View)
android.support.v7.appcompat.R$anim: int abc_fade_in
android.support.v7.appcompat.R$anim: int abc_fade_out
android.support.v7.appcompat.R$anim: int abc_grow_fade_in_from_bottom
android.support.v7.appcompat.R$anim: int abc_popup_enter
android.support.v7.appcompat.R$anim: int abc_popup_exit
android.support.v7.appcompat.R$anim: int abc_shrink_fade_out_from_bottom
android.support.v7.appcompat.R$anim: int abc_slide_in_bottom
android.support.v7.appcompat.R$anim: int abc_slide_in_top
android.support.v7.appcompat.R$anim: int abc_slide_out_bottom
android.support.v7.appcompat.R$anim: int abc_slide_out_top