app/build/outputs/mapping/release/mapping.txt
android.support.v7.widget.DrawableUtils -> android.support.v7.widget.al:
    android.graphics.Rect INSETS_NONE -> a
    java.lang.Class sInsetsClazz -> b
    void fixDrawable(android.graphics.drawable.Drawable) -> a
    boolean canSafelyMutateDrawable(android.graphics.drawable.Drawable) -> b
    android.graphics.PorterDuff$Mode parseTintMode(int,android.graphics.PorterDuff$Mode) -> a
    void <clinit>() -> <clinit>
android.support.v7.widget.DropDownListView -> android.support.v7.widget.am:
    boolean mListSelectionHidden -> h
    boolean mHijackFocus -> i
    boolean mDrawsInPressedState -> j
    android.support.v4.view.ViewPropertyAnimatorCompat mClickAnimation -> k
    android.support.v4.widget.ListViewAutoScrollHelper mScrollHelper -> l
    void <init>(android.content.Context,boolean) -> <init>
    boolean onForwardedEvent(android.view.MotionEvent,int) -> a
    void setListSelectionHidden(boolean) -> setListSelectionHidden
    boolean touchModeDrawsInPressedStateCompat() -> a
    boolean isInTouchMode() -> isInTouchMode
    boolean hasWindowFocus() -> hasWindowFocus
    boolean isFocused() -> isFocused
    boolean hasFocus() -> hasFocus
android.support.v7.widget.FitWindowsFrameLayout -> android.support.v7.widget.FitWindowsFrameLayout:
    android.support.v7.widget.FitWindowsViewGroup$OnFitSystemWindowsListener mListener -> a
    void <init>(android.content.Context) -> <init>
    void <init>(android.content.Context,android.util.AttributeSet) -> <init>
    void setOnFitSystemWindowsListener(android.support.v7.widget.FitWindowsViewGroup$OnFitSystemWindowsListener) -> setOnFitSystemWindowsListener
    boolean fitSystemWindows(android.graphics.Rect) -> fitSystemWindows
android.support.v7.widget.FitWindowsLinearLayout -> android.support.v7.widget.FitWindowsLinearLayout:
    android.support.v7.widget.FitWindowsViewGroup$OnFitSystemWindowsListener mListener -> a
    void <init>(android.content.Context) -> <init>
    void <init>(android.content.Context,android.util.AttributeSet) -> <init>
    void setOnFitSystemWindowsListener(android.support.v7.widget.FitWindowsViewGroup$OnFitSystemWindowsListener) -> setOnFitSystemWindowsListener
    boolean fitSystemWindows(android.graphics.Rect) -> fitSystemWindows
android.support.v7.widget.FitWindowsViewGroup -> android.support.v7.widget.an:
    void setOnFitSystemWindowsListener(android.support.v7.widget.FitWindowsViewGroup$OnFitSystemWindowsListener) -> setOnFitSystemWindowsListener
android.support.v7.widget.FitWindowsViewGroup$OnFitSystemWindowsListener -> android.support.v7.widget.an$a:
    void onFitSystemWindows(android.graphics.Rect) -> a
android.support.v7.widget.ForwardingListener -> android.support.v7.widget.ao:
    float mScaledTouchSlop -> a
    int mTapTimeout -> b
    int mLongPressTimeout -> c
    android.view.View mSrc -> d
    java.lang.Runnable mDisallowIntercept -> e
    java.lang.Runnable mTriggerLongPress -> f
    boolean mForwarding -> g
    int mActivePointerId -> h
    int[] mTmpLocation -> i
    void <init>(android.view.View) -> <init>
    android.support.v7.view.menu.ShowableListMenu getPopup() -> a
    boolean onTouch(android.view.View,android.view.MotionEvent) -> onTouch
    boolean onForwardingStarted() -> b
    boolean onForwardingStopped() -> c
    void clearCallbacks() -> d
    android.view.View access$200(android.support.v7.widget.ForwardingListener) -> a
    void access$300(android.support.v7.widget.ForwardingListener) -> b
android.support.v7.widget.ForwardingListener$DisallowIntercept -> android.support.v7.widget.ao$a:
    android.support.v7.widget.ForwardingListener this$0 -> a
    void <init>(android.support.v7.widget.ForwardingListener) -> <init>
    void run() -> run
    void <init>(android.support.v7.widget.ForwardingListener,byte) -> <init>