app/build/outputs/mapping/release/usage.txt
android.support.design.widget.CoordinatorLayout:
    static final java.lang.String TAG
    private static final int TYPE_ON_INTERCEPT
    private static final int TYPE_ON_TOUCH
    private static final int EVENT_PRE_DRAW
    private static final int EVENT_NESTED_SCROLL
    private static final int EVENT_VIEW_REMOVED
    1594:1603:public boolean doViewsOverlap(android.view.View,android.view.View)
android.support.design.widget.CoordinatorLayout$Behavior:
    2070:2070:public boolean isDirty(android.support.design.widget.CoordinatorLayout,android.view.View)
    2137:2139:public static void setTag(android.view.View,java.lang.Object)
    2149:2150:public static java.lang.Object getTag(android.view.View)
android.support.design.widget.CoordinatorLayout$DispatchChangeEvent
android.support.design.widget.CoordinatorLayout$LayoutParams:
    2591:2593:public void setAnchorId(int)
    2748:2749:void invalidateAnchor()
android.support.design.widget.DrawableUtils
android.support.design.widget.FloatingActionButton:
    private static final java.lang.String LOG_TAG
    public static final int SIZE_MINI
    public static final int SIZE_NORMAL
    public static final int SIZE_AUTO
    private static final int AUTO_MINI_LARGEST_SCREEN_WIDTH
    298:299:public void show()
    308:309:public void show(android.support.design.widget.FloatingActionButton$OnVisibilityChangedListener)
    320:321:public void hide()
    330:331:public void hide(android.support.design.widget.FloatingActionButton$OnVisibilityChangedListener)
android.support.design.widget.FloatingActionButton$Behavior:
    private static final boolean AUTO_HIDE_DEFAULT
    559:560:public void setAutoHideEnabled(boolean)
    570:570:public boolean isAutoHideEnabled()
    603:604:void setInternalAutoHideListener(android.support.design.widget.FloatingActionButton$OnVisibilityChangedListener)
android.support.design.widget.FloatingActionButton$OnVisibilityChangedListener:
    73:73:public FloatingActionButton$OnVisibilityChangedListener()
android.support.design.widget.FloatingActionButton$Size
android.support.design.widget.FloatingActionButtonImpl:
    static final long PRESSED_ANIM_DURATION
    static final long PRESSED_ANIM_DELAY
    static final int ANIM_STATE_NONE
    static final int ANIM_STATE_HIDING
    static final int ANIM_STATE_SHOWING
    static final int SHOW_HIDE_ANIM_DURATION
android.support.design.widget.HeaderBehavior:
    private static final int INVALID_POINTER
android.support.design.widget.MathUtils:
    19:19:MathUtils()
android.support.design.widget.NavigationView:
    private static final int PRESENTER_NAVIGATION_VIEW_ID
    274:275:public void addHeaderView(android.view.View)
    283:284:public void removeHeaderView(android.view.View)
    303:303:public android.view.View getHeaderView(int)
android.support.design.widget.ShadowDrawableWrapper:
    static final float SHADOW_MULTIPLIER
    static final float SHADOW_TOP_SCALE
    static final float SHADOW_HORIZ_SCALE
    static final float SHADOW_BOTTOM_SCALE
    180:187:public void setCornerRadius(float)
    334:334:public float getCornerRadius()
    342:343:public void setMaxShadowSize(float)
    350:350:public float getMaxShadowSize()
    354:356:public float getMinWidth()
    360:362:public float getMinHeight()